<?xml version="1.0" encoding="UTF-8"?>
<!-- Generated by org.testng.reporters.JUnitReportReporter -->
<testsuite skipped="6" hostname="VENUG-PC" name="com.actionsjavascriptexecutors.MouseOperations" tests="7" failures="0" timestamp="08 May 2020 09:54:03 GMT" time="18.804" errors="0">
  <testcase name="autoSuggestion" time="18.804" classname="com.actionsjavascriptexecutors.MouseOperations"/>
  <testcase name="movetoelement" classname="com.actionsjavascriptexecutors.MouseOperations">
    <skipped/>
  </testcase> <!-- movetoelement -->
  <testcase name="slider" classname="com.actionsjavascriptexecutors.MouseOperations">
    <skipped/>
  </testcase> <!-- slider -->
  <testcase name="dragAnddrop" classname="com.actionsjavascriptexecutors.MouseOperations">
    <skipped/>
  </testcase> <!-- dragAnddrop -->
  <testcase name="browserslider" classname="com.actionsjavascriptexecutors.MouseOperations">
    <skipped/>
  </testcase> <!-- browserslider -->
  <testcase name="resizeMethod" classname="com.actionsjavascriptexecutors.MouseOperations">
    <skipped/>
  </testcase> <!-- resizeMethod -->
  <testcase name="rightClickMethod" classname="com.actionsjavascriptexecutors.MouseOperations">
    <skipped/>
  </testcase> <!-- rightClickMethod -->
</testsuite> <!-- com.actionsjavascriptexecutors.MouseOperations -->
