<?xml version="1.0" encoding="UTF-8"?>
<!-- Generated by org.testng.reporters.JUnitReportReporter -->
<testsuite skipped="2" hostname="VENUG-PC" name="com.project.Ecommerce.TestDependency" tests="4" failures="0" timestamp="14 Apr 2020 12:34:18 GMT" time="0.033" errors="0">
  <testcase name="orange" time="0.029" classname="com.project.Ecommerce.TestDependency"/>
  <testcase name="white" time="0.002" classname="com.project.Ecommerce.TestDependency"/>
  <testcase name="blue" time="0.002" classname="com.project.Ecommerce.TestDependency">
    <skipped/>
  </testcase> <!-- blue -->
  <testcase name="green" time="0.000" classname="com.project.Ecommerce.TestDependency">
    <skipped/>
  </testcase> <!-- green -->
</testsuite> <!-- com.project.Ecommerce.TestDependency -->
