<?xml version="1.0" encoding="UTF-8"?>
<!-- Generated by org.testng.reporters.JUnitReportReporter -->
<testsuite skipped="1" hostname="VENUG-PC" name="pageobjectmodel.LoginTest" tests="2" failures="0" timestamp="01 May 2020 05:51:09 GMT" time="36.144" errors="0">
  <testcase name="registration" time="36.144" classname="pageobjectmodel.LoginTest"/>
  <testcase name="f" classname="pageobjectmodel.LoginTest">
    <skipped/>
  </testcase> <!-- f -->
</testsuite> <!-- pageobjectmodel.LoginTest -->
