<?xml version="1.0" encoding="UTF-8"?>
<!-- Generated by org.testng.reporters.JUnitReportReporter -->
<testsuite skipped="0" hostname="VENUG-PC" name="com.project.Ecommerce.RadioButton1" tests="1" failures="0" timestamp="14 Apr 2020 11:22:04 GMT" time="16.509" errors="0">
  <testcase name="radioTest" time="16.509" classname="com.project.Ecommerce.RadioButton1"/>
</testsuite> <!-- com.project.Ecommerce.RadioButton1 -->
