<?xml version="1.0" encoding="UTF-8"?>
<!-- Generated by org.testng.reporters.JUnitReportReporter -->
<testsuite skipped="0" hostname="VENUG-PC" name="suiteB.TestB2" tests="1" failures="0" timestamp="14 Apr 2020 10:17:09 GMT" time="2.016" errors="0">
  <testcase name="f" time="2.016" classname="suiteB.TestB2"/>
</testsuite> <!-- suiteB.TestB2 -->
