<?xml version="1.0" encoding="UTF-8"?>
<!-- Generated by org.testng.reporters.JUnitReportReporter -->
<testsuite skipped="0" hostname="VENUG-PC" name="com.project.Ecommerce.LinksTesting" tests="2" failures="0" timestamp="13 Apr 2020 12:02:24 GMT" time="77.391" errors="0">
  <testcase name="f" time="68.196" classname="com.project.Ecommerce.LinksTesting"/>
  <testcase name="f" time="9.195" classname="com.project.Ecommerce.LinksTesting"/>
</testsuite> <!-- com.project.Ecommerce.LinksTesting -->
