<?xml version="1.0" encoding="UTF-8"?>
<!-- Generated by org.testng.reporters.JUnitReportReporter -->
<testsuite skipped="0" hostname="VENUG-PC" name="suiteA.TestA1" tests="1" failures="0" timestamp="14 Apr 2020 10:17:09 GMT" time="2.013" errors="0">
  <testcase name="f" time="2.013" classname="suiteA.TestA1"/>
</testsuite> <!-- suiteA.TestA1 -->
