<?xml version="1.0" encoding="UTF-8"?>
<!-- Generated by org.testng.reporters.JUnitReportReporter -->
<testsuite skipped="0" hostname="VENUG-PC" name="com.project.Ecommerce.CheckBox1" tests="1" failures="0" timestamp="14 Apr 2020 11:22:04 GMT" time="13.614" errors="0">
  <testcase name="checkboxTest" time="13.614" classname="com.project.Ecommerce.CheckBox1"/>
</testsuite> <!-- com.project.Ecommerce.CheckBox1 -->
