<?xml version="1.0" encoding="UTF-8"?>
<!-- Generated by org.testng.reporters.JUnitReportReporter -->
<testsuite skipped="0" hostname="VENUG-PC" name="com.Alerts.FileUpload" tests="1" failures="0" timestamp="07 May 2020 12:59:47 GMT" time="34.133" errors="0">
  <testcase name="fileupload" time="34.133" classname="com.Alerts.FileUpload"/>
</testsuite> <!-- com.Alerts.FileUpload -->
