<?xml version="1.0" encoding="UTF-8"?>
<!-- Generated by org.testng.reporters.JUnitReportReporter -->
<testsuite skipped="0" hostname="VENUG-PC" name="com.webTables.WebTables" tests="1" failures="0" timestamp="20 May 2020 07:00:58 GMT" time="78.666" errors="0">
  <testcase name="dynamicTable" time="78.666" classname="com.webTables.WebTables"/>
</testsuite> <!-- com.webTables.WebTables -->
