<?xml version="1.0" encoding="UTF-8"?>
<!-- Generated by org.testng.reporters.JUnitReportReporter -->
<testsuite skipped="0" hostname="VENUG-PC" name="com.Alerts.AlertHandling" tests="1" failures="0" timestamp="06 May 2020 14:32:11 GMT" time="15.825" errors="0">
  <testcase name="f" time="15.825" classname="com.Alerts.AlertHandling"/>
</testsuite> <!-- com.Alerts.AlertHandling -->
