<?xml version="1.0" encoding="UTF-8"?>
<!-- Generated by org.testng.reporters.JUnitReportReporter -->
<testsuite skipped="0" hostname="VENUG-PC" name="com.project.Ecommerce.TC_001" tests="2" failures="0" timestamp="13 Apr 2020 12:02:24 GMT" time="0.002" errors="0">
  <testcase name="f" time="0.001" classname="com.project.Ecommerce.TC_001"/>
  <testcase name="f" time="0.001" classname="com.project.Ecommerce.TC_001"/>
</testsuite> <!-- com.project.Ecommerce.TC_001 -->
