<?xml version="1.0" encoding="UTF-8"?>
<!-- Generated by org.testng.reporters.JUnitReportReporter -->
<testsuite skipped="0" hostname="VENUG-PC" name="com.project.Ecommerce.TC_002" tests="1" failures="0" timestamp="07 Jul 2020 07:26:38 GMT" time="22.517" errors="0">
  <testcase name="amazon" time="22.517" classname="com.project.Ecommerce.TC_002"/>
</testsuite> <!-- com.project.Ecommerce.TC_002 -->
